[0;34mUsing docker and docker-compose[0m
[0;34mdeploying chaincode on channel 'mychannel'[0m
executing with the following
- CHANNEL_NAME: [0;32mmychannel[0m
- CC_NAME: [0;32mstudentchaincode[0m
- CC_SRC_PATH: [0;32m./chaincode-go[0m
- CC_SRC_LANGUAGE: [0;32mgo[0m
- CC_VERSION: [0;32m1.0.1[0m
- CC_SEQUENCE: [0;32mauto[0m
- CC_END_POLICY: [0;32mNA[0m
- CC_COLL_CONFIG: [0;32mNA[0m
- CC_INIT_FCN: [0;32mNA[0m
- DELAY: [0;32m3[0m
- MAX_RETRY: [0;32m5[0m
- VERBOSE: [0;32mfalse[0m
executing with the following
- CC_NAME: [0;32mstudentchaincode[0m
- CC_SRC_PATH: [0;32m./chaincode-go[0m
- CC_SRC_LANGUAGE: [0;32mgo[0m
- CC_VERSION: [0;32m1.0.1[0m
[0;34mVendoring Go dependencies at ./chaincode-go[0m
~/fabric-samples/universidades/chaincode-go ~/fabric-samples/universidades
~/fabric-samples/universidades
[0;32mFinished vendoring Go dependencies[0m
[0;32mChaincode is packaged[0m
[0;34mInstalling chaincode on peer0.iebs...[0m
[0;34mUsing organization 1[0m
[34m2024-07-23 16:32:06.680 -04 0001 INFO[0m [cli.lifecycle.chaincode] [34;1msubmitInstallProposal[0m -> Installed remotely: response:<status:200 payload:"\nWstudentchaincode_1.0.1:8828c71ae10d2fcf183e864e55ef2540d1de31bf7d7c821ca26a1c63f030e50f\022\026studentchaincode_1.0.1" > 
[34m2024-07-23 16:32:06.680 -04 0002 INFO[0m [cli.lifecycle.chaincode] [34;1msubmitInstallProposal[0m -> Chaincode code package identifier: studentchaincode_1.0.1:8828c71ae10d2fcf183e864e55ef2540d1de31bf7d7c821ca26a1c63f030e50f
[0;32mChaincode is installed on peer0.org1[0m
[0;34mInstall chaincode on peer0.cantabria...[0m
[0;34mUsing organization 2[0m
[34m2024-07-23 16:32:40.254 -04 0001 INFO[0m [cli.lifecycle.chaincode] [34;1msubmitInstallProposal[0m -> Installed remotely: response:<status:200 payload:"\nWstudentchaincode_1.0.1:8828c71ae10d2fcf183e864e55ef2540d1de31bf7d7c821ca26a1c63f030e50f\022\026studentchaincode_1.0.1" > 
[34m2024-07-23 16:32:40.254 -04 0002 INFO[0m [cli.lifecycle.chaincode] [34;1msubmitInstallProposal[0m -> Chaincode code package identifier: studentchaincode_1.0.1:8828c71ae10d2fcf183e864e55ef2540d1de31bf7d7c821ca26a1c63f030e50f
[0;32mChaincode is installed on peer0.org2[0m
[0;34mUsing organization 1[0m
studentchaincode_1.0.1:8828c71ae10d2fcf183e864e55ef2540d1de31bf7d7c821ca26a1c63f030e50f
[0;32mQuery installed successful on peer0.org1 on channel[0m
[0;34mUsing organization 1[0m
[34m2024-07-23 16:32:42.438 -04 0001 INFO[0m [chaincodeCmd] [34;1mClientWait[0m -> txid [2d0147db8908f386ba7d2c6652b7b170ab9c928007a15c5b0e74da706c584dfd] committed with status (VALID) at localhost:7051
[0;32mChaincode definition approved on peer0.org1 on channel 'mychannel'[0m
[0;34mUsing organization 1[0m
[0;34mChecking the commit readiness of the chaincode definition on peer0.org1 on channel 'mychannel'...[0m
[0;34mAttempting to check the commit readiness of the chaincode definition on peer0.org1, Retry after 3 seconds.[0m
{
	"approvals": {
		"CantabriaMSP": false,
		"IebsMSP": true
	}
}
[0;34mChecking the commit readiness of the chaincode definition successful on peer0.org1 on channel 'mychannel'[0m
[0;34mUsing organization 2[0m
[0;34mChecking the commit readiness of the chaincode definition on peer0.org2 on channel 'mychannel'...[0m
[0;34mAttempting to check the commit readiness of the chaincode definition on peer0.org2, Retry after 3 seconds.[0m
{
	"approvals": {
		"CantabriaMSP": false,
		"IebsMSP": true
	}
}
[0;34mChecking the commit readiness of the chaincode definition successful on peer0.org2 on channel 'mychannel'[0m
[0;34mUsing organization 2[0m
[34m2024-07-23 16:32:50.666 -04 0001 INFO[0m [chaincodeCmd] [34;1mClientWait[0m -> txid [34adf012e81652d9447dfa74cf6e9f7f5cd7a8618d7d15e17b07b028c4057a67] committed with status (VALID) at localhost:9051
[0;32mChaincode definition approved on peer0.org2 on channel 'mychannel'[0m
[0;34mUsing organization 1[0m
[0;34mChecking the commit readiness of the chaincode definition on peer0.org1 on channel 'mychannel'...[0m
[0;34mAttempting to check the commit readiness of the chaincode definition on peer0.org1, Retry after 3 seconds.[0m
{
	"approvals": {
		"CantabriaMSP": true,
		"IebsMSP": true
	}
}
[0;34mChecking the commit readiness of the chaincode definition successful on peer0.org1 on channel 'mychannel'[0m
[0;34mUsing organization 2[0m
[0;34mChecking the commit readiness of the chaincode definition on peer0.org2 on channel 'mychannel'...[0m
[0;34mAttempting to check the commit readiness of the chaincode definition on peer0.org2, Retry after 3 seconds.[0m
{
	"approvals": {
		"CantabriaMSP": true,
		"IebsMSP": true
	}
}
[0;34mChecking the commit readiness of the chaincode definition successful on peer0.org2 on channel 'mychannel'[0m
[0;34mUsing organization 1[0m
[0;34mUsing organization 2[0m
[34m2024-07-23 16:33:01.311 -04 0001 INFO[0m [chaincodeCmd] [34;1mClientWait[0m -> txid [e1dd416c0b4efaa9151d06862eb6489c2c297cd2e88a7277e75f609101dcd393] committed with status (VALID) at localhost:7051
[34m2024-07-23 16:33:01.313 -04 0002 INFO[0m [chaincodeCmd] [34;1mClientWait[0m -> txid [e1dd416c0b4efaa9151d06862eb6489c2c297cd2e88a7277e75f609101dcd393] committed with status (VALID) at localhost:9051
[0;32mChaincode definition committed on channel 'mychannel'[0m
[0;34mUsing organization 1[0m
[0;34mQuerying chaincode definition on peer0.org1 on channel 'mychannel'...[0m
[0;34mAttempting to Query committed status on peer0.org1, Retry after 3 seconds.[0m
Committed chaincode definition for chaincode 'studentchaincode' on channel 'mychannel':
Version: 1.0.1, Sequence: 1, Endorsement Plugin: escc, Validation Plugin: vscc, Approvals: [CantabriaMSP: true, IebsMSP: true]
[0;32mQuery chaincode definition successful on peer0.org1 on channel 'mychannel'[0m
[0;34mUsing organization 2[0m
[0;34mQuerying chaincode definition on peer0.org2 on channel 'mychannel'...[0m
[0;34mAttempting to Query committed status on peer0.org2, Retry after 3 seconds.[0m
Committed chaincode definition for chaincode 'studentchaincode' on channel 'mychannel':
Version: 1.0.1, Sequence: 1, Endorsement Plugin: escc, Validation Plugin: vscc, Approvals: [CantabriaMSP: true, IebsMSP: true]
[0;32mQuery chaincode definition successful on peer0.org2 on channel 'mychannel'[0m
[0;34mChaincode initialization is not required[0m
